<?xml version="1.0" encoding="UTF-8"?>
<testng-results ignored="0" total="1" passed="1" failed="0" skipped="0">
  <reporter-output>
    <line>
      <![CDATA[4.0]]>
    </line>
  </reporter-output>
  <suite started-at="2022-07-20T21:23:21 EDT" name="Suite" finished-at="2022-07-20T21:23:22 EDT" duration-ms="817">
    <groups>
    </groups>
    <test started-at="2022-07-20T21:23:21 EDT" name="Test" finished-at="2022-07-20T21:23:22 EDT" duration-ms="817">
      <class name="test.DataDrivnTestXL">
        <test-method signature="data()[pri:0, instance:test.DataDrivnTestXL@72e5a8e]" started-at="2022-07-20T21:23:22 EDT" name="data" finished-at="2022-07-20T21:23:22 EDT" duration-ms="768" status="PASS">
          <reporter-output>
            <line>
              <![CDATA[4.0]]>
            </line>
          </reporter-output>
        </test-method> <!-- data -->
      </class> <!-- test.DataDrivnTestXL -->
    </test> <!-- Test -->
  </suite> <!-- Suite -->
</testng-results>
